<?xml version="1.0" encoding="UTF-8"?>
<testng-results skipped="0" failed="0" ignored="0" total="1" passed="1">
  <reporter-output>
  </reporter-output>
  <suite name="Default suite" duration-ms="48744" started-at="2018-10-02T15:43:13Z" finished-at="2018-10-02T15:44:02Z">
    <groups>
    </groups>
    <test name="Default test" duration-ms="48744" started-at="2018-10-02T15:43:13Z" finished-at="2018-10-02T15:44:02Z">
      <class name="com.test.Test1Test">
        <test-method status="PASS" signature="SetUpMethod()[pri:0, instance:com.test.Test1Test@7a1ebcd8]" name="SetUpMethod" is-config="true" duration-ms="48707" started-at="2018-10-02T15:43:13Z" finished-at="2018-10-02T15:44:02Z">
          <reporter-output>
          </reporter-output>
        </test-method> <!-- SetUpMethod -->
        <test-method status="PASS" signature="test_Login_Page()[pri:0, instance:com.test.Test1Test@7a1ebcd8]" name="test_Login_Page" duration-ms="10" started-at="2018-10-02T15:44:02Z" finished-at="2018-10-02T15:44:02Z">
          <reporter-output>
          </reporter-output>
        </test-method> <!-- test_Login_Page -->
      </class> <!-- com.test.Test1Test -->
    </test> <!-- Default test -->
  </suite> <!-- Default suite -->
</testng-results>
